<?xml version="1.0" encoding="UTF-8"?>
<!-- Generated by org.testng.reporters.JUnitReportReporter -->
<testsuite skipped="0" hostname="LAPTOP-2UEFUCRO" name="test.AddCatagoryTest" tests="1" failures="0" timestamp="13 Mar 2021 04:37:34 GMT" time="8.975" errors="0">
  <testcase name="addCatagory" time="8.975" classname="test.AddCatagoryTest"/>
</testsuite> <!-- test.AddCatagoryTest -->
